[DEBUG] 2024-10-17 21:38:28.473 [TestNG-tests-1] PackageRelationshipCollection - Parsing relationship: /xl/_rels/workbook.xml.rels
[DEBUG] 2024-10-17 21:38:28.510 [TestNG-tests-1] PackageRelationshipCollection - Parsing relationship: /_rels/.rels
[DEBUG] 2024-10-17 21:38:30.753 [TestNG-tests-1] ZipPackage - Save content types part
[DEBUG] 2024-10-17 21:38:31.192 [TestNG-tests-1] ZipPackage - Save package relationships
[DEBUG] 2024-10-17 21:38:31.202 [TestNG-tests-1] ZipPackage - Save part 'docProps/app.xml'
[DEBUG] 2024-10-17 21:38:31.203 [TestNG-tests-1] ZipPackage - Save part 'docProps/core.xml'
[DEBUG] 2024-10-17 21:38:31.207 [TestNG-tests-1] ZipPackage - Save part 'xl/sharedStrings.xml'
[DEBUG] 2024-10-17 21:38:31.208 [TestNG-tests-1] ZipPackage - Save part 'xl/styles.xml'
[DEBUG] 2024-10-17 21:38:31.208 [TestNG-tests-1] ZipPackage - Save part 'xl/theme/theme1.xml'
[DEBUG] 2024-10-17 21:38:31.209 [TestNG-tests-1] ZipPackage - Save part 'xl/workbook.xml'
[DEBUG] 2024-10-17 21:38:31.212 [TestNG-tests-1] ZipPackage - Save part 'xl/worksheets/sheet1.xml'
[DEBUG] 2024-10-17 21:39:18.478 [TestNG-tests-1] PackageRelationshipCollection - Parsing relationship: /xl/_rels/workbook.xml.rels
[DEBUG] 2024-10-17 21:39:18.553 [TestNG-tests-1] PackageRelationshipCollection - Parsing relationship: /_rels/.rels
[DEBUG] 2024-10-17 21:39:20.139 [TestNG-tests-1] ZipPackage - Save content types part
[DEBUG] 2024-10-17 21:39:20.201 [TestNG-tests-1] ZipPackage - Save package relationships
[DEBUG] 2024-10-17 21:39:20.209 [TestNG-tests-1] ZipPackage - Save part 'docProps/app.xml'
[DEBUG] 2024-10-17 21:39:20.211 [TestNG-tests-1] ZipPackage - Save part 'docProps/core.xml'
[DEBUG] 2024-10-17 21:39:20.215 [TestNG-tests-1] ZipPackage - Save part 'xl/sharedStrings.xml'
[DEBUG] 2024-10-17 21:39:20.216 [TestNG-tests-1] ZipPackage - Save part 'xl/styles.xml'
[DEBUG] 2024-10-17 21:39:20.216 [TestNG-tests-1] ZipPackage - Save part 'xl/theme/theme1.xml'
[DEBUG] 2024-10-17 21:39:20.217 [TestNG-tests-1] ZipPackage - Save part 'xl/workbook.xml'
[DEBUG] 2024-10-17 21:39:20.221 [TestNG-tests-1] ZipPackage - Save part 'xl/worksheets/sheet1.xml'
[DEBUG] 2024-10-17 21:41:10.480 [TestNG-tests-1] PackageRelationshipCollection - Parsing relationship: /xl/_rels/workbook.xml.rels
[DEBUG] 2024-10-17 21:41:10.500 [TestNG-tests-1] PackageRelationshipCollection - Parsing relationship: /_rels/.rels
[DEBUG] 2024-10-17 21:41:11.987 [TestNG-tests-1] ZipPackage - Save content types part
[DEBUG] 2024-10-17 21:41:12.087 [TestNG-tests-1] ZipPackage - Save package relationships
[DEBUG] 2024-10-17 21:41:12.109 [TestNG-tests-1] ZipPackage - Save part 'docProps/app.xml'
[DEBUG] 2024-10-17 21:41:12.110 [TestNG-tests-1] ZipPackage - Save part 'docProps/core.xml'
[DEBUG] 2024-10-17 21:41:12.114 [TestNG-tests-1] ZipPackage - Save part 'xl/sharedStrings.xml'
[DEBUG] 2024-10-17 21:41:12.115 [TestNG-tests-1] ZipPackage - Save part 'xl/styles.xml'
[DEBUG] 2024-10-17 21:41:12.117 [TestNG-tests-1] ZipPackage - Save part 'xl/theme/theme1.xml'
[DEBUG] 2024-10-17 21:41:12.118 [TestNG-tests-1] ZipPackage - Save part 'xl/workbook.xml'
[DEBUG] 2024-10-17 21:41:12.121 [TestNG-tests-1] ZipPackage - Save part 'xl/worksheets/sheet1.xml'
[DEBUG] 2024-10-17 21:41:36.031 [TestNG-tests-1] PackageRelationshipCollection - Parsing relationship: /xl/_rels/workbook.xml.rels
[DEBUG] 2024-10-17 21:41:36.046 [TestNG-tests-1] PackageRelationshipCollection - Parsing relationship: /_rels/.rels
[DEBUG] 2024-10-17 21:41:37.559 [TestNG-tests-1] ZipPackage - Save content types part
[DEBUG] 2024-10-17 21:41:37.639 [TestNG-tests-1] ZipPackage - Save package relationships
[DEBUG] 2024-10-17 21:41:37.647 [TestNG-tests-1] ZipPackage - Save part 'docProps/app.xml'
[DEBUG] 2024-10-17 21:41:37.648 [TestNG-tests-1] ZipPackage - Save part 'docProps/core.xml'
[DEBUG] 2024-10-17 21:41:37.652 [TestNG-tests-1] ZipPackage - Save part 'xl/sharedStrings.xml'
[DEBUG] 2024-10-17 21:41:37.655 [TestNG-tests-1] ZipPackage - Save part 'xl/styles.xml'
[DEBUG] 2024-10-17 21:41:37.655 [TestNG-tests-1] ZipPackage - Save part 'xl/theme/theme1.xml'
[DEBUG] 2024-10-17 21:41:37.658 [TestNG-tests-1] ZipPackage - Save part 'xl/workbook.xml'
[DEBUG] 2024-10-17 21:41:37.665 [TestNG-tests-1] ZipPackage - Save part 'xl/worksheets/sheet1.xml'
[DEBUG] 2024-10-17 21:42:49.042 [TestNG-tests-1] PackageRelationshipCollection - Parsing relationship: /xl/_rels/workbook.xml.rels
[DEBUG] 2024-10-17 21:42:49.066 [TestNG-tests-1] PackageRelationshipCollection - Parsing relationship: /_rels/.rels
[DEBUG] 2024-10-17 21:42:50.542 [TestNG-tests-1] ZipPackage - Save content types part
[DEBUG] 2024-10-17 21:42:50.630 [TestNG-tests-1] ZipPackage - Save package relationships
[DEBUG] 2024-10-17 21:42:50.636 [TestNG-tests-1] ZipPackage - Save part 'docProps/app.xml'
[DEBUG] 2024-10-17 21:42:50.637 [TestNG-tests-1] ZipPackage - Save part 'docProps/core.xml'
[DEBUG] 2024-10-17 21:42:50.642 [TestNG-tests-1] ZipPackage - Save part 'xl/sharedStrings.xml'
[DEBUG] 2024-10-17 21:42:50.644 [TestNG-tests-1] ZipPackage - Save part 'xl/styles.xml'
[DEBUG] 2024-10-17 21:42:50.646 [TestNG-tests-1] ZipPackage - Save part 'xl/theme/theme1.xml'
[DEBUG] 2024-10-17 21:42:50.647 [TestNG-tests-1] ZipPackage - Save part 'xl/workbook.xml'
[DEBUG] 2024-10-17 21:42:50.655 [TestNG-tests-1] ZipPackage - Save part 'xl/worksheets/sheet1.xml'
[DEBUG] 2024-10-17 21:45:45.889 [TestNG-tests-1] PackageRelationshipCollection - Parsing relationship: /xl/_rels/workbook.xml.rels
[DEBUG] 2024-10-17 21:45:45.906 [TestNG-tests-1] PackageRelationshipCollection - Parsing relationship: /_rels/.rels
[DEBUG] 2024-10-17 21:45:47.187 [TestNG-tests-1] ZipPackage - Save content types part
[DEBUG] 2024-10-17 21:45:47.274 [TestNG-tests-1] ZipPackage - Save package relationships
[DEBUG] 2024-10-17 21:45:47.280 [TestNG-tests-1] ZipPackage - Save part 'docProps/app.xml'
[DEBUG] 2024-10-17 21:45:47.282 [TestNG-tests-1] ZipPackage - Save part 'docProps/core.xml'
[DEBUG] 2024-10-17 21:45:47.286 [TestNG-tests-1] ZipPackage - Save part 'xl/sharedStrings.xml'
[DEBUG] 2024-10-17 21:45:47.286 [TestNG-tests-1] ZipPackage - Save part 'xl/styles.xml'
[DEBUG] 2024-10-17 21:45:47.287 [TestNG-tests-1] ZipPackage - Save part 'xl/theme/theme1.xml'
[DEBUG] 2024-10-17 21:45:47.288 [TestNG-tests-1] ZipPackage - Save part 'xl/workbook.xml'
[DEBUG] 2024-10-17 21:45:47.291 [TestNG-tests-1] ZipPackage - Save part 'xl/worksheets/sheet1.xml'
[DEBUG] 2024-10-17 21:47:12.598 [TestNG-tests-1] PackageRelationshipCollection - Parsing relationship: /xl/_rels/workbook.xml.rels
[DEBUG] 2024-10-17 21:47:12.615 [TestNG-tests-1] PackageRelationshipCollection - Parsing relationship: /_rels/.rels
[DEBUG] 2024-10-17 21:47:14.080 [TestNG-tests-1] ZipPackage - Save content types part
[DEBUG] 2024-10-17 21:47:14.180 [TestNG-tests-1] ZipPackage - Save package relationships
[DEBUG] 2024-10-17 21:47:14.189 [TestNG-tests-1] ZipPackage - Save part 'docProps/app.xml'
[DEBUG] 2024-10-17 21:47:14.190 [TestNG-tests-1] ZipPackage - Save part 'docProps/core.xml'
[DEBUG] 2024-10-17 21:47:14.194 [TestNG-tests-1] ZipPackage - Save part 'xl/sharedStrings.xml'
[DEBUG] 2024-10-17 21:47:14.195 [TestNG-tests-1] ZipPackage - Save part 'xl/styles.xml'
[DEBUG] 2024-10-17 21:47:14.195 [TestNG-tests-1] ZipPackage - Save part 'xl/theme/theme1.xml'
[DEBUG] 2024-10-17 21:47:14.196 [TestNG-tests-1] ZipPackage - Save part 'xl/workbook.xml'
[DEBUG] 2024-10-17 21:47:14.199 [TestNG-tests-1] ZipPackage - Save part 'xl/worksheets/sheet1.xml'
